[2018-01-12 16:35:17] production.ERROR: exception 'ErrorException' with message 'Undefined variable: dataa' in E:\work\malay_arsar\aflix-project\www\application\app\Http\Controllers\Api\v1\UserController.php:59
Stack trace:
#0 E:\work\malay_arsar\aflix-project\www\application\app\Http\Controllers\Api\v1\UserController.php(59): Illuminate\Foundation\Bootstrap\HandleExceptions->handleError(8, 'Undefined varia...', 'E:\\work\\malay_a...', 59, Array)
#1 [internal function]: HelloVideo\Http\Controllers\Api\v1\UserController->login()
#2 E:\work\malay_arsar\aflix-project\www\application\vendor\laravel\framework\src\Illuminate\Routing\Controller.php(55): call_user_func_array(Array, Array)
#3 E:\work\malay_arsar\aflix-project\www\application\vendor\laravel\framework\src\Illuminate\Routing\ControllerDispatcher.php(44): Illuminate\Routing\Controller->callAction('login', Array)
#4 E:\work\malay_arsar\aflix-project\www\application\vendor\laravel\framework\src\Illuminate\Routing\Route.php(204): Illuminate\Routing\ControllerDispatcher->dispatch(Object(Illuminate\Routing\Route), Object(HelloVideo\Http\Controllers\Api\v1\UserController), 'login')
#5 E:\work\malay_arsar\aflix-project\www\application\vendor\laravel\framework\src\Illuminate\Routing\Route.php(160): Illuminate\Routing\Route->runController()
#6 E:\work\malay_arsar\aflix-project\www\application\vendor\laravel\framework\src\Illuminate\Routing\Router.php(572): Illuminate\Routing\Route->run()
#7 E:\work\malay_arsar\aflix-project\www\application\vendor\laravel\framework\src\Illuminate\Routing\Pipeline.php(30): Illuminate\Routing\Router->Illuminate\Routing\{closure}(Object(Illuminate\Http\Request))
#8 E:\work\malay_arsar\aflix-project\www\application\vendor\laravel\framework\src\Illuminate\Routing\Middleware\SubstituteBindings.php(41): Illuminate\Routing\Pipeline->Illuminate\Routing\{closure}(Object(Illuminate\Http\Request))
#9 E:\work\malay_arsar\aflix-project\www\application\vendor\laravel\framework\src\Illuminate\Pipeline\Pipeline.php(148): Illuminate\Routing\Middleware\SubstituteBindings->handle(Object(Illuminate\Http\Request), Object(Closure))
#10 E:\work\malay_arsar\aflix-project\www\application\vendor\laravel\framework\src\Illuminate\Routing\Pipeline.php(53): Illuminate\Pipeline\Pipeline->Illuminate\Pipeline\{closure}(Object(Illuminate\Http\Request))
#11 E:\work\malay_arsar\aflix-project\www\application\vendor\laravel\framework\src\Illuminate\Routing\Middleware\ThrottleRequests.php(49): Illuminate\Routing\Pipeline->Illuminate\Routing\{closure}(Object(Illuminate\Http\Request))
#12 E:\work\malay_arsar\aflix-project\www\application\vendor\laravel\framework\src\Illuminate\Pipeline\Pipeline.php(148): Illuminate\Routing\Middleware\ThrottleRequests->handle(Object(Illuminate\Http\Request), Object(Closure), '60', '1')
#13 E:\work\malay_arsar\aflix-project\www\application\vendor\laravel\framework\src\Illuminate\Routing\Pipeline.php(53): Illuminate\Pipeline\Pipeline->Illuminate\Pipeline\{closure}(Object(Illuminate\Http\Request))
#14 E:\work\malay_arsar\aflix-project\www\application\vendor\laravel\framework\src\Illuminate\Pipeline\Pipeline.php(102): Illuminate\Routing\Pipeline->Illuminate\Routing\{closure}(Object(Illuminate\Http\Request))
#15 E:\work\malay_arsar\aflix-project\www\application\vendor\laravel\framework\src\Illuminate\Routing\Router.php(574): Illuminate\Pipeline\Pipeline->then(Object(Closure))
#16 E:\work\malay_arsar\aflix-project\www\application\vendor\laravel\framework\src\Illuminate\Routing\Router.php(533): Illuminate\Routing\Router->runRouteWithinStack(Object(Illuminate\Routing\Route), Object(Illuminate\Http\Request))
#17 E:\work\malay_arsar\aflix-project\www\application\vendor\laravel\framework\src\Illuminate\Routing\Router.php(511): Illuminate\Routing\Router->dispatchToRoute(Object(Illuminate\Http\Request))
#18 E:\work\malay_arsar\aflix-project\www\application\vendor\laravel\framework\src\Illuminate\Foundation\Http\Kernel.php(176): Illuminate\Routing\Router->dispatch(Object(Illuminate\Http\Request))
#19 E:\work\malay_arsar\aflix-project\www\application\vendor\laravel\framework\src\Illuminate\Routing\Pipeline.php(30): Illuminate\Foundation\Http\Kernel->Illuminate\Foundation\Http\{closure}(Object(Illuminate\Http\Request))
#20 E:\work\malay_arsar\aflix-project\www\application\vendor\laravel\framework\src\Illuminate\Foundation\Http\Middleware\TransformsRequest.php(30): Illuminate\Routing\Pipeline->Illuminate\Routing\{closure}(Object(Illuminate\Http\Request))
#21 E:\work\malay_arsar\aflix-project\www\application\vendor\laravel\framework\src\Illuminate\Pipeline\Pipeline.php(148): Illuminate\Foundation\Http\Middleware\TransformsRequest->handle(Object(Illuminate\Http\Request), Object(Closure))
#22 E:\work\malay_arsar\aflix-project\www\application\vendor\laravel\framework\src\Illuminate\Routing\Pipeline.php(53): Illuminate\Pipeline\Pipeline->Illuminate\Pipeline\{closure}(Object(Illuminate\Http\Request))
#23 E:\work\malay_arsar\aflix-project\www\application\vendor\laravel\framework\src\Illuminate\Foundation\Http\Middleware\TransformsRequest.php(30): Illuminate\Routing\Pipeline->Illuminate\Routing\{closure}(Object(Illuminate\Http\Request))
#24 E:\work\malay_arsar\aflix-project\www\application\vendor\laravel\framework\src\Illuminate\Pipeline\Pipeline.php(148): Illuminate\Foundation\Http\Middleware\TransformsRequest->handle(Object(Illuminate\Http\Request), Object(Closure))
#25 E:\work\malay_arsar\aflix-project\www\application\vendor\laravel\framework\src\Illuminate\Routing\Pipeline.php(53): Illuminate\Pipeline\Pipeline->Illuminate\Pipeline\{closure}(Object(Illuminate\Http\Request))
#26 E:\work\malay_arsar\aflix-project\www\application\vendor\laravel\framework\src\Illuminate\Foundation\Http\Middleware\ValidatePostSize.php(27): Illuminate\Routing\Pipeline->Illuminate\Routing\{closure}(Object(Illuminate\Http\Request))
#27 E:\work\malay_arsar\aflix-project\www\application\vendor\laravel\framework\src\Illuminate\Pipeline\Pipeline.php(148): Illuminate\Foundation\Http\Middleware\ValidatePostSize->handle(Object(Illuminate\Http\Request), Object(Closure))
#28 E:\work\malay_arsar\aflix-project\www\application\vendor\laravel\framework\src\Illuminate\Routing\Pipeline.php(53): Illuminate\Pipeline\Pipeline->Illuminate\Pipeline\{closure}(Object(Illuminate\Http\Request))
#29 E:\work\malay_arsar\aflix-project\www\application\vendor\laravel\framework\src\Illuminate\Foundation\Http\Middleware\CheckForMaintenanceMode.php(46): Illuminate\Routing\Pipeline->Illuminate\Routing\{closure}(Object(Illuminate\Http\Request))
#30 E:\work\malay_arsar\aflix-project\www\application\vendor\laravel\framework\src\Illuminate\Pipeline\Pipeline.php(148): Illuminate\Foundation\Http\Middleware\CheckForMaintenanceMode->handle(Object(Illuminate\Http\Request), Object(Closure))
#31 E:\work\malay_arsar\aflix-project\www\application\vendor\laravel\framework\src\Illuminate\Routing\Pipeline.php(53): Illuminate\Pipeline\Pipeline->Illuminate\Pipeline\{closure}(Object(Illuminate\Http\Request))
#32 E:\work\malay_arsar\aflix-project\www\application\vendor\laravel\framework\src\Illuminate\Pipeline\Pipeline.php(102): Illuminate\Routing\Pipeline->Illuminate\Routing\{closure}(Object(Illuminate\Http\Request))
#33 E:\work\malay_arsar\aflix-project\www\application\vendor\laravel\framework\src\Illuminate\Foundation\Http\Kernel.php(151): Illuminate\Pipeline\Pipeline->then(Object(Closure))
#34 E:\work\malay_arsar\aflix-project\www\application\vendor\laravel\framework\src\Illuminate\Foundation\Http\Kernel.php(116): Illuminate\Foundation\Http\Kernel->sendRequestThroughRouter(Object(Illuminate\Http\Request))
#35 E:\work\malay_arsar\aflix-project\www\index.php(55): Illuminate\Foundation\Http\Kernel->handle(Object(Illuminate\Http\Request))
#36 {main}  
[2018-01-12 16:58:30] production.ERROR: exception 'ReflectionException' with message 'Class HelloVideo\Http\Controllers\Api\v1\Request does not exist' in E:\work\malay_arsar\aflix-project\www\application\vendor\laravel\framework\src\Illuminate\Routing\RouteSignatureParameters.php:25
Stack trace:
#0 E:\work\malay_arsar\aflix-project\www\application\vendor\laravel\framework\src\Illuminate\Routing\RouteSignatureParameters.php(25): ReflectionParameter->getClass()
#1 [internal function]: Illuminate\Routing\RouteSignatureParameters::Illuminate\Routing\{closure}(Object(ReflectionParameter))
#2 E:\work\malay_arsar\aflix-project\www\application\vendor\laravel\framework\src\Illuminate\Routing\RouteSignatureParameters.php(26): array_filter(Array, Object(Closure))
#3 E:\work\malay_arsar\aflix-project\www\application\vendor\laravel\framework\src\Illuminate\Routing\Route.php(425): Illuminate\Routing\RouteSignatureParameters::fromAction(Array, 'Illuminate\\Data...')
#4 E:\work\malay_arsar\aflix-project\www\application\vendor\laravel\framework\src\Illuminate\Routing\ImplicitRouteBinding.php(20): Illuminate\Routing\Route->signatureParameters('Illuminate\\Data...')
#5 E:\work\malay_arsar\aflix-project\www\application\vendor\laravel\framework\src\Illuminate\Routing\Router.php(646): Illuminate\Routing\ImplicitRouteBinding::resolveForRoute(Object(Illuminate\Foundation\Application), Object(Illuminate\Routing\Route))
#6 E:\work\malay_arsar\aflix-project\www\application\vendor\laravel\framework\src\Illuminate\Routing\Middleware\SubstituteBindings.php(39): Illuminate\Routing\Router->substituteImplicitBindings(Object(Illuminate\Routing\Route))
#7 E:\work\malay_arsar\aflix-project\www\application\vendor\laravel\framework\src\Illuminate\Pipeline\Pipeline.php(148): Illuminate\Routing\Middleware\SubstituteBindings->handle(Object(Illuminate\Http\Request), Object(Closure))
#8 E:\work\malay_arsar\aflix-project\www\application\vendor\laravel\framework\src\Illuminate\Routing\Pipeline.php(53): Illuminate\Pipeline\Pipeline->Illuminate\Pipeline\{closure}(Object(Illuminate\Http\Request))
#9 E:\work\malay_arsar\aflix-project\www\application\vendor\laravel\framework\src\Illuminate\Routing\Middleware\ThrottleRequests.php(49): Illuminate\Routing\Pipeline->Illuminate\Routing\{closure}(Object(Illuminate\Http\Request))
#10 E:\work\malay_arsar\aflix-project\www\application\vendor\laravel\framework\src\Illuminate\Pipeline\Pipeline.php(148): Illuminate\Routing\Middleware\ThrottleRequests->handle(Object(Illuminate\Http\Request), Object(Closure), '60', '1')
#11 E:\work\malay_arsar\aflix-project\www\application\vendor\laravel\framework\src\Illuminate\Routing\Pipeline.php(53): Illuminate\Pipeline\Pipeline->Illuminate\Pipeline\{closure}(Object(Illuminate\Http\Request))
#12 E:\work\malay_arsar\aflix-project\www\application\vendor\laravel\framework\src\Illuminate\Pipeline\Pipeline.php(102): Illuminate\Routing\Pipeline->Illuminate\Routing\{closure}(Object(Illuminate\Http\Request))
#13 E:\work\malay_arsar\aflix-project\www\application\vendor\laravel\framework\src\Illuminate\Routing\Router.php(574): Illuminate\Pipeline\Pipeline->then(Object(Closure))
#14 E:\work\malay_arsar\aflix-project\www\application\vendor\laravel\framework\src\Illuminate\Routing\Router.php(533): Illuminate\Routing\Router->runRouteWithinStack(Object(Illuminate\Routing\Route), Object(Illuminate\Http\Request))
#15 E:\work\malay_arsar\aflix-project\www\application\vendor\laravel\framework\src\Illuminate\Routing\Router.php(511): Illuminate\Routing\Router->dispatchToRoute(Object(Illuminate\Http\Request))
#16 E:\work\malay_arsar\aflix-project\www\application\vendor\laravel\framework\src\Illuminate\Foundation\Http\Kernel.php(176): Illuminate\Routing\Router->dispatch(Object(Illuminate\Http\Request))
#17 E:\work\malay_arsar\aflix-project\www\application\vendor\laravel\framework\src\Illuminate\Routing\Pipeline.php(30): Illuminate\Foundation\Http\Kernel->Illuminate\Foundation\Http\{closure}(Object(Illuminate\Http\Request))
#18 E:\work\malay_arsar\aflix-project\www\application\vendor\laravel\framework\src\Illuminate\Foundation\Http\Middleware\TransformsRequest.php(30): Illuminate\Routing\Pipeline->Illuminate\Routing\{closure}(Object(Illuminate\Http\Request))
#19 E:\work\malay_arsar\aflix-project\www\application\vendor\laravel\framework\src\Illuminate\Pipeline\Pipeline.php(148): Illuminate\Foundation\Http\Middleware\TransformsRequest->handle(Object(Illuminate\Http\Request), Object(Closure))
#20 E:\work\malay_arsar\aflix-project\www\application\vendor\laravel\framework\src\Illuminate\Routing\Pipeline.php(53): Illuminate\Pipeline\Pipeline->Illuminate\Pipeline\{closure}(Object(Illuminate\Http\Request))
#21 E:\work\malay_arsar\aflix-project\www\application\vendor\laravel\framework\src\Illuminate\Foundation\Http\Middleware\TransformsRequest.php(30): Illuminate\Routing\Pipeline->Illuminate\Routing\{closure}(Object(Illuminate\Http\Request))
#22 E:\work\malay_arsar\aflix-project\www\application\vendor\laravel\framework\src\Illuminate\Pipeline\Pipeline.php(148): Illuminate\Foundation\Http\Middleware\TransformsRequest->handle(Object(Illuminate\Http\Request), Object(Closure))
#23 E:\work\malay_arsar\aflix-project\www\application\vendor\laravel\framework\src\Illuminate\Routing\Pipeline.php(53): Illuminate\Pipeline\Pipeline->Illuminate\Pipeline\{closure}(Object(Illuminate\Http\Request))
#24 E:\work\malay_arsar\aflix-project\www\application\vendor\laravel\framework\src\Illuminate\Foundation\Http\Middleware\ValidatePostSize.php(27): Illuminate\Routing\Pipeline->Illuminate\Routing\{closure}(Object(Illuminate\Http\Request))
#25 E:\work\malay_arsar\aflix-project\www\application\vendor\laravel\framework\src\Illuminate\Pipeline\Pipeline.php(148): Illuminate\Foundation\Http\Middleware\ValidatePostSize->handle(Object(Illuminate\Http\Request), Object(Closure))
#26 E:\work\malay_arsar\aflix-project\www\application\vendor\laravel\framework\src\Illuminate\Routing\Pipeline.php(53): Illuminate\Pipeline\Pipeline->Illuminate\Pipeline\{closure}(Object(Illuminate\Http\Request))
#27 E:\work\malay_arsar\aflix-project\www\application\vendor\laravel\framework\src\Illuminate\Foundation\Http\Middleware\CheckForMaintenanceMode.php(46): Illuminate\Routing\Pipeline->Illuminate\Routing\{closure}(Object(Illuminate\Http\Request))
#28 E:\work\malay_arsar\aflix-project\www\application\vendor\laravel\framework\src\Illuminate\Pipeline\Pipeline.php(148): Illuminate\Foundation\Http\Middleware\CheckForMaintenanceMode->handle(Object(Illuminate\Http\Request), Object(Closure))
#29 E:\work\malay_arsar\aflix-project\www\application\vendor\laravel\framework\src\Illuminate\Routing\Pipeline.php(53): Illuminate\Pipeline\Pipeline->Illuminate\Pipeline\{closure}(Object(Illuminate\Http\Request))
#30 E:\work\malay_arsar\aflix-project\www\application\vendor\laravel\framework\src\Illuminate\Pipeline\Pipeline.php(102): Illuminate\Routing\Pipeline->Illuminate\Routing\{closure}(Object(Illuminate\Http\Request))
#31 E:\work\malay_arsar\aflix-project\www\application\vendor\laravel\framework\src\Illuminate\Foundation\Http\Kernel.php(151): Illuminate\Pipeline\Pipeline->then(Object(Closure))
#32 E:\work\malay_arsar\aflix-project\www\application\vendor\laravel\framework\src\Illuminate\Foundation\Http\Kernel.php(116): Illuminate\Foundation\Http\Kernel->sendRequestThroughRouter(Object(Illuminate\Http\Request))
#33 E:\work\malay_arsar\aflix-project\www\index.php(55): Illuminate\Foundation\Http\Kernel->handle(Object(Illuminate\Http\Request))
#34 {main}  
[2018-01-12 16:59:08] production.ERROR: exception 'ReflectionException' with message 'Class HelloVideo\Http\Controllers\Api\v1\Request does not exist' in E:\work\malay_arsar\aflix-project\www\application\vendor\laravel\framework\src\Illuminate\Routing\RouteSignatureParameters.php:25
Stack trace:
#0 E:\work\malay_arsar\aflix-project\www\application\vendor\laravel\framework\src\Illuminate\Routing\RouteSignatureParameters.php(25): ReflectionParameter->getClass()
#1 [internal function]: Illuminate\Routing\RouteSignatureParameters::Illuminate\Routing\{closure}(Object(ReflectionParameter))
#2 E:\work\malay_arsar\aflix-project\www\application\vendor\laravel\framework\src\Illuminate\Routing\RouteSignatureParameters.php(26): array_filter(Array, Object(Closure))
#3 E:\work\malay_arsar\aflix-project\www\application\vendor\laravel\framework\src\Illuminate\Routing\Route.php(425): Illuminate\Routing\RouteSignatureParameters::fromAction(Array, 'Illuminate\\Data...')
#4 E:\work\malay_arsar\aflix-project\www\application\vendor\laravel\framework\src\Illuminate\Routing\ImplicitRouteBinding.php(20): Illuminate\Routing\Route->signatureParameters('Illuminate\\Data...')
#5 E:\work\malay_arsar\aflix-project\www\application\vendor\laravel\framework\src\Illuminate\Routing\Router.php(646): Illuminate\Routing\ImplicitRouteBinding::resolveForRoute(Object(Illuminate\Foundation\Application), Object(Illuminate\Routing\Route))
#6 E:\work\malay_arsar\aflix-project\www\application\vendor\laravel\framework\src\Illuminate\Routing\Middleware\SubstituteBindings.php(39): Illuminate\Routing\Router->substituteImplicitBindings(Object(Illuminate\Routing\Route))
#7 E:\work\malay_arsar\aflix-project\www\application\vendor\laravel\framework\src\Illuminate\Pipeline\Pipeline.php(148): Illuminate\Routing\Middleware\SubstituteBindings->handle(Object(Illuminate\Http\Request), Object(Closure))
#8 E:\work\malay_arsar\aflix-project\www\application\vendor\laravel\framework\src\Illuminate\Routing\Pipeline.php(53): Illuminate\Pipeline\Pipeline->Illuminate\Pipeline\{closure}(Object(Illuminate\Http\Request))
#9 E:\work\malay_arsar\aflix-project\www\application\vendor\laravel\framework\src\Illuminate\Routing\Middleware\ThrottleRequests.php(49): Illuminate\Routing\Pipeline->Illuminate\Routing\{closure}(Object(Illuminate\Http\Request))
#10 E:\work\malay_arsar\aflix-project\www\application\vendor\laravel\framework\src\Illuminate\Pipeline\Pipeline.php(148): Illuminate\Routing\Middleware\ThrottleRequests->handle(Object(Illuminate\Http\Request), Object(Closure), '60', '1')
#11 E:\work\malay_arsar\aflix-project\www\application\vendor\laravel\framework\src\Illuminate\Routing\Pipeline.php(53): Illuminate\Pipeline\Pipeline->Illuminate\Pipeline\{closure}(Object(Illuminate\Http\Request))
#12 E:\work\malay_arsar\aflix-project\www\application\vendor\laravel\framework\src\Illuminate\Pipeline\Pipeline.php(102): Illuminate\Routing\Pipeline->Illuminate\Routing\{closure}(Object(Illuminate\Http\Request))
#13 E:\work\malay_arsar\aflix-project\www\application\vendor\laravel\framework\src\Illuminate\Routing\Router.php(574): Illuminate\Pipeline\Pipeline->then(Object(Closure))
#14 E:\work\malay_arsar\aflix-project\www\application\vendor\laravel\framework\src\Illuminate\Routing\Router.php(533): Illuminate\Routing\Router->runRouteWithinStack(Object(Illuminate\Routing\Route), Object(Illuminate\Http\Request))
#15 E:\work\malay_arsar\aflix-project\www\application\vendor\laravel\framework\src\Illuminate\Routing\Router.php(511): Illuminate\Routing\Router->dispatchToRoute(Object(Illuminate\Http\Request))
#16 E:\work\malay_arsar\aflix-project\www\application\vendor\laravel\framework\src\Illuminate\Foundation\Http\Kernel.php(176): Illuminate\Routing\Router->dispatch(Object(Illuminate\Http\Request))
#17 E:\work\malay_arsar\aflix-project\www\application\vendor\laravel\framework\src\Illuminate\Routing\Pipeline.php(30): Illuminate\Foundation\Http\Kernel->Illuminate\Foundation\Http\{closure}(Object(Illuminate\Http\Request))
#18 E:\work\malay_arsar\aflix-project\www\application\vendor\laravel\framework\src\Illuminate\Foundation\Http\Middleware\TransformsRequest.php(30): Illuminate\Routing\Pipeline->Illuminate\Routing\{closure}(Object(Illuminate\Http\Request))
#19 E:\work\malay_arsar\aflix-project\www\application\vendor\laravel\framework\src\Illuminate\Pipeline\Pipeline.php(148): Illuminate\Foundation\Http\Middleware\TransformsRequest->handle(Object(Illuminate\Http\Request), Object(Closure))
#20 E:\work\malay_arsar\aflix-project\www\application\vendor\laravel\framework\src\Illuminate\Routing\Pipeline.php(53): Illuminate\Pipeline\Pipeline->Illuminate\Pipeline\{closure}(Object(Illuminate\Http\Request))
#21 E:\work\malay_arsar\aflix-project\www\application\vendor\laravel\framework\src\Illuminate\Foundation\Http\Middleware\TransformsRequest.php(30): Illuminate\Routing\Pipeline->Illuminate\Routing\{closure}(Object(Illuminate\Http\Request))
#22 E:\work\malay_arsar\aflix-project\www\application\vendor\laravel\framework\src\Illuminate\Pipeline\Pipeline.php(148): Illuminate\Foundation\Http\Middleware\TransformsRequest->handle(Object(Illuminate\Http\Request), Object(Closure))
#23 E:\work\malay_arsar\aflix-project\www\application\vendor\laravel\framework\src\Illuminate\Routing\Pipeline.php(53): Illuminate\Pipeline\Pipeline->Illuminate\Pipeline\{closure}(Object(Illuminate\Http\Request))
#24 E:\work\malay_arsar\aflix-project\www\application\vendor\laravel\framework\src\Illuminate\Foundation\Http\Middleware\ValidatePostSize.php(27): Illuminate\Routing\Pipeline->Illuminate\Routing\{closure}(Object(Illuminate\Http\Request))
#25 E:\work\malay_arsar\aflix-project\www\application\vendor\laravel\framework\src\Illuminate\Pipeline\Pipeline.php(148): Illuminate\Foundation\Http\Middleware\ValidatePostSize->handle(Object(Illuminate\Http\Request), Object(Closure))
#26 E:\work\malay_arsar\aflix-project\www\application\vendor\laravel\framework\src\Illuminate\Routing\Pipeline.php(53): Illuminate\Pipeline\Pipeline->Illuminate\Pipeline\{closure}(Object(Illuminate\Http\Request))
#27 E:\work\malay_arsar\aflix-project\www\application\vendor\laravel\framework\src\Illuminate\Foundation\Http\Middleware\CheckForMaintenanceMode.php(46): Illuminate\Routing\Pipeline->Illuminate\Routing\{closure}(Object(Illuminate\Http\Request))
#28 E:\work\malay_arsar\aflix-project\www\application\vendor\laravel\framework\src\Illuminate\Pipeline\Pipeline.php(148): Illuminate\Foundation\Http\Middleware\CheckForMaintenanceMode->handle(Object(Illuminate\Http\Request), Object(Closure))
#29 E:\work\malay_arsar\aflix-project\www\application\vendor\laravel\framework\src\Illuminate\Routing\Pipeline.php(53): Illuminate\Pipeline\Pipeline->Illuminate\Pipeline\{closure}(Object(Illuminate\Http\Request))
#30 E:\work\malay_arsar\aflix-project\www\application\vendor\laravel\framework\src\Illuminate\Pipeline\Pipeline.php(102): Illuminate\Routing\Pipeline->Illuminate\Routing\{closure}(Object(Illuminate\Http\Request))
#31 E:\work\malay_arsar\aflix-project\www\application\vendor\laravel\framework\src\Illuminate\Foundation\Http\Kernel.php(151): Illuminate\Pipeline\Pipeline->then(Object(Closure))
#32 E:\work\malay_arsar\aflix-project\www\application\vendor\laravel\framework\src\Illuminate\Foundation\Http\Kernel.php(116): Illuminate\Foundation\Http\Kernel->sendRequestThroughRouter(Object(Illuminate\Http\Request))
#33 E:\work\malay_arsar\aflix-project\www\index.php(55): Illuminate\Foundation\Http\Kernel->handle(Object(Illuminate\Http\Request))
#34 {main}  
[2018-01-12 16:59:21] production.ERROR: exception 'ReflectionException' with message 'Class HelloVideo\Http\Controllers\Api\v1\Request does not exist' in E:\work\malay_arsar\aflix-project\www\application\vendor\laravel\framework\src\Illuminate\Routing\RouteSignatureParameters.php:25
Stack trace:
#0 E:\work\malay_arsar\aflix-project\www\application\vendor\laravel\framework\src\Illuminate\Routing\RouteSignatureParameters.php(25): ReflectionParameter->getClass()
#1 [internal function]: Illuminate\Routing\RouteSignatureParameters::Illuminate\Routing\{closure}(Object(ReflectionParameter))
#2 E:\work\malay_arsar\aflix-project\www\application\vendor\laravel\framework\src\Illuminate\Routing\RouteSignatureParameters.php(26): array_filter(Array, Object(Closure))
#3 E:\work\malay_arsar\aflix-project\www\application\vendor\laravel\framework\src\Illuminate\Routing\Route.php(425): Illuminate\Routing\RouteSignatureParameters::fromAction(Array, 'Illuminate\\Data...')
#4 E:\work\malay_arsar\aflix-project\www\application\vendor\laravel\framework\src\Illuminate\Routing\ImplicitRouteBinding.php(20): Illuminate\Routing\Route->signatureParameters('Illuminate\\Data...')
#5 E:\work\malay_arsar\aflix-project\www\application\vendor\laravel\framework\src\Illuminate\Routing\Router.php(646): Illuminate\Routing\ImplicitRouteBinding::resolveForRoute(Object(Illuminate\Foundation\Application), Object(Illuminate\Routing\Route))
#6 E:\work\malay_arsar\aflix-project\www\application\vendor\laravel\framework\src\Illuminate\Routing\Middleware\SubstituteBindings.php(39): Illuminate\Routing\Router->substituteImplicitBindings(Object(Illuminate\Routing\Route))
#7 E:\work\malay_arsar\aflix-project\www\application\vendor\laravel\framework\src\Illuminate\Pipeline\Pipeline.php(148): Illuminate\Routing\Middleware\SubstituteBindings->handle(Object(Illuminate\Http\Request), Object(Closure))
#8 E:\work\malay_arsar\aflix-project\www\application\vendor\laravel\framework\src\Illuminate\Routing\Pipeline.php(53): Illuminate\Pipeline\Pipeline->Illuminate\Pipeline\{closure}(Object(Illuminate\Http\Request))
#9 E:\work\malay_arsar\aflix-project\www\application\vendor\laravel\framework\src\Illuminate\Routing\Middleware\ThrottleRequests.php(49): Illuminate\Routing\Pipeline->Illuminate\Routing\{closure}(Object(Illuminate\Http\Request))
#10 E:\work\malay_arsar\aflix-project\www\application\vendor\laravel\framework\src\Illuminate\Pipeline\Pipeline.php(148): Illuminate\Routing\Middleware\ThrottleRequests->handle(Object(Illuminate\Http\Request), Object(Closure), '60', '1')
#11 E:\work\malay_arsar\aflix-project\www\application\vendor\laravel\framework\src\Illuminate\Routing\Pipeline.php(53): Illuminate\Pipeline\Pipeline->Illuminate\Pipeline\{closure}(Object(Illuminate\Http\Request))
#12 E:\work\malay_arsar\aflix-project\www\application\vendor\laravel\framework\src\Illuminate\Pipeline\Pipeline.php(102): Illuminate\Routing\Pipeline->Illuminate\Routing\{closure}(Object(Illuminate\Http\Request))
#13 E:\work\malay_arsar\aflix-project\www\application\vendor\laravel\framework\src\Illuminate\Routing\Router.php(574): Illuminate\Pipeline\Pipeline->then(Object(Closure))
#14 E:\work\malay_arsar\aflix-project\www\application\vendor\laravel\framework\src\Illuminate\Routing\Router.php(533): Illuminate\Routing\Router->runRouteWithinStack(Object(Illuminate\Routing\Route), Object(Illuminate\Http\Request))
#15 E:\work\malay_arsar\aflix-project\www\application\vendor\laravel\framework\src\Illuminate\Routing\Router.php(511): Illuminate\Routing\Router->dispatchToRoute(Object(Illuminate\Http\Request))
#16 E:\work\malay_arsar\aflix-project\www\application\vendor\laravel\framework\src\Illuminate\Foundation\Http\Kernel.php(176): Illuminate\Routing\Router->dispatch(Object(Illuminate\Http\Request))
#17 E:\work\malay_arsar\aflix-project\www\application\vendor\laravel\framework\src\Illuminate\Routing\Pipeline.php(30): Illuminate\Foundation\Http\Kernel->Illuminate\Foundation\Http\{closure}(Object(Illuminate\Http\Request))
#18 E:\work\malay_arsar\aflix-project\www\application\vendor\laravel\framework\src\Illuminate\Foundation\Http\Middleware\TransformsRequest.php(30): Illuminate\Routing\Pipeline->Illuminate\Routing\{closure}(Object(Illuminate\Http\Request))
#19 E:\work\malay_arsar\aflix-project\www\application\vendor\laravel\framework\src\Illuminate\Pipeline\Pipeline.php(148): Illuminate\Foundation\Http\Middleware\TransformsRequest->handle(Object(Illuminate\Http\Request), Object(Closure))
#20 E:\work\malay_arsar\aflix-project\www\application\vendor\laravel\framework\src\Illuminate\Routing\Pipeline.php(53): Illuminate\Pipeline\Pipeline->Illuminate\Pipeline\{closure}(Object(Illuminate\Http\Request))
#21 E:\work\malay_arsar\aflix-project\www\application\vendor\laravel\framework\src\Illuminate\Foundation\Http\Middleware\TransformsRequest.php(30): Illuminate\Routing\Pipeline->Illuminate\Routing\{closure}(Object(Illuminate\Http\Request))
#22 E:\work\malay_arsar\aflix-project\www\application\vendor\laravel\framework\src\Illuminate\Pipeline\Pipeline.php(148): Illuminate\Foundation\Http\Middleware\TransformsRequest->handle(Object(Illuminate\Http\Request), Object(Closure))
#23 E:\work\malay_arsar\aflix-project\www\application\vendor\laravel\framework\src\Illuminate\Routing\Pipeline.php(53): Illuminate\Pipeline\Pipeline->Illuminate\Pipeline\{closure}(Object(Illuminate\Http\Request))
#24 E:\work\malay_arsar\aflix-project\www\application\vendor\laravel\framework\src\Illuminate\Foundation\Http\Middleware\ValidatePostSize.php(27): Illuminate\Routing\Pipeline->Illuminate\Routing\{closure}(Object(Illuminate\Http\Request))
#25 E:\work\malay_arsar\aflix-project\www\application\vendor\laravel\framework\src\Illuminate\Pipeline\Pipeline.php(148): Illuminate\Foundation\Http\Middleware\ValidatePostSize->handle(Object(Illuminate\Http\Request), Object(Closure))
#26 E:\work\malay_arsar\aflix-project\www\application\vendor\laravel\framework\src\Illuminate\Routing\Pipeline.php(53): Illuminate\Pipeline\Pipeline->Illuminate\Pipeline\{closure}(Object(Illuminate\Http\Request))
#27 E:\work\malay_arsar\aflix-project\www\application\vendor\laravel\framework\src\Illuminate\Foundation\Http\Middleware\CheckForMaintenanceMode.php(46): Illuminate\Routing\Pipeline->Illuminate\Routing\{closure}(Object(Illuminate\Http\Request))
#28 E:\work\malay_arsar\aflix-project\www\application\vendor\laravel\framework\src\Illuminate\Pipeline\Pipeline.php(148): Illuminate\Foundation\Http\Middleware\CheckForMaintenanceMode->handle(Object(Illuminate\Http\Request), Object(Closure))
#29 E:\work\malay_arsar\aflix-project\www\application\vendor\laravel\framework\src\Illuminate\Routing\Pipeline.php(53): Illuminate\Pipeline\Pipeline->Illuminate\Pipeline\{closure}(Object(Illuminate\Http\Request))
#30 E:\work\malay_arsar\aflix-project\www\application\vendor\laravel\framework\src\Illuminate\Pipeline\Pipeline.php(102): Illuminate\Routing\Pipeline->Illuminate\Routing\{closure}(Object(Illuminate\Http\Request))
#31 E:\work\malay_arsar\aflix-project\www\application\vendor\laravel\framework\src\Illuminate\Foundation\Http\Kernel.php(151): Illuminate\Pipeline\Pipeline->then(Object(Closure))
#32 E:\work\malay_arsar\aflix-project\www\application\vendor\laravel\framework\src\Illuminate\Foundation\Http\Kernel.php(116): Illuminate\Foundation\Http\Kernel->sendRequestThroughRouter(Object(Illuminate\Http\Request))
#33 E:\work\malay_arsar\aflix-project\www\index.php(55): Illuminate\Foundation\Http\Kernel->handle(Object(Illuminate\Http\Request))
#34 {main}  
[2018-01-12 17:05:22] production.ERROR: exception 'ErrorException' with message 'Missing argument 2 for Illuminate\Hashing\BcryptHasher::check(), called in E:\work\malay_arsar\aflix-project\www\application\vendor\laravel\framework\src\Illuminate\Support\Facades\Facade.php on line 221 and defined' in E:\work\malay_arsar\aflix-project\www\application\vendor\laravel\framework\src\Illuminate\Hashing\BcryptHasher.php:47
Stack trace:
#0 E:\work\malay_arsar\aflix-project\www\application\vendor\laravel\framework\src\Illuminate\Hashing\BcryptHasher.php(47): Illuminate\Foundation\Bootstrap\HandleExceptions->handleError(2, 'Missing argumen...', 'E:\\work\\malay_a...', 47, Array)
#1 E:\work\malay_arsar\aflix-project\www\application\vendor\laravel\framework\src\Illuminate\Support\Facades\Facade.php(221): Illuminate\Hashing\BcryptHasher->check('123456')
#2 E:\work\malay_arsar\aflix-project\www\application\app\Http\Controllers\Api\v1\UserController.php(72): Illuminate\Support\Facades\Facade::__callStatic('check', Array)
#3 E:\work\malay_arsar\aflix-project\www\application\app\Http\Controllers\Api\v1\UserController.php(72): Illuminate\Support\Facades\Hash::check('123456')
#4 [internal function]: HelloVideo\Http\Controllers\Api\v1\UserController->login(Object(Illuminate\Http\Request))
#5 E:\work\malay_arsar\aflix-project\www\application\vendor\laravel\framework\src\Illuminate\Routing\Controller.php(55): call_user_func_array(Array, Array)
#6 E:\work\malay_arsar\aflix-project\www\application\vendor\laravel\framework\src\Illuminate\Routing\ControllerDispatcher.php(44): Illuminate\Routing\Controller->callAction('login', Array)
#7 E:\work\malay_arsar\aflix-project\www\application\vendor\laravel\framework\src\Illuminate\Routing\Route.php(204): Illuminate\Routing\ControllerDispatcher->dispatch(Object(Illuminate\Routing\Route), Object(HelloVideo\Http\Controllers\Api\v1\UserController), 'login')
#8 E:\work\malay_arsar\aflix-project\www\application\vendor\laravel\framework\src\Illuminate\Routing\Route.php(160): Illuminate\Routing\Route->runController()
#9 E:\work\malay_arsar\aflix-project\www\application\vendor\laravel\framework\src\Illuminate\Routing\Router.php(572): Illuminate\Routing\Route->run()
#10 E:\work\malay_arsar\aflix-project\www\application\vendor\laravel\framework\src\Illuminate\Routing\Pipeline.php(30): Illuminate\Routing\Router->Illuminate\Routing\{closure}(Object(Illuminate\Http\Request))
#11 E:\work\malay_arsar\aflix-project\www\application\vendor\laravel\framework\src\Illuminate\Routing\Middleware\SubstituteBindings.php(41): Illuminate\Routing\Pipeline->Illuminate\Routing\{closure}(Object(Illuminate\Http\Request))
#12 E:\work\malay_arsar\aflix-project\www\application\vendor\laravel\framework\src\Illuminate\Pipeline\Pipeline.php(148): Illuminate\Routing\Middleware\SubstituteBindings->handle(Object(Illuminate\Http\Request), Object(Closure))
#13 E:\work\malay_arsar\aflix-project\www\application\vendor\laravel\framework\src\Illuminate\Routing\Pipeline.php(53): Illuminate\Pipeline\Pipeline->Illuminate\Pipeline\{closure}(Object(Illuminate\Http\Request))
#14 E:\work\malay_arsar\aflix-project\www\application\vendor\laravel\framework\src\Illuminate\Routing\Middleware\ThrottleRequests.php(49): Illuminate\Routing\Pipeline->Illuminate\Routing\{closure}(Object(Illuminate\Http\Request))
#15 E:\work\malay_arsar\aflix-project\www\application\vendor\laravel\framework\src\Illuminate\Pipeline\Pipeline.php(148): Illuminate\Routing\Middleware\ThrottleRequests->handle(Object(Illuminate\Http\Request), Object(Closure), '60', '1')
#16 E:\work\malay_arsar\aflix-project\www\application\vendor\laravel\framework\src\Illuminate\Routing\Pipeline.php(53): Illuminate\Pipeline\Pipeline->Illuminate\Pipeline\{closure}(Object(Illuminate\Http\Request))
#17 E:\work\malay_arsar\aflix-project\www\application\vendor\laravel\framework\src\Illuminate\Pipeline\Pipeline.php(102): Illuminate\Routing\Pipeline->Illuminate\Routing\{closure}(Object(Illuminate\Http\Request))
#18 E:\work\malay_arsar\aflix-project\www\application\vendor\laravel\framework\src\Illuminate\Routing\Router.php(574): Illuminate\Pipeline\Pipeline->then(Object(Closure))
#19 E:\work\malay_arsar\aflix-project\www\application\vendor\laravel\framework\src\Illuminate\Routing\Router.php(533): Illuminate\Routing\Router->runRouteWithinStack(Object(Illuminate\Routing\Route), Object(Illuminate\Http\Request))
#20 E:\work\malay_arsar\aflix-project\www\application\vendor\laravel\framework\src\Illuminate\Routing\Router.php(511): Illuminate\Routing\Router->dispatchToRoute(Object(Illuminate\Http\Request))
#21 E:\work\malay_arsar\aflix-project\www\application\vendor\laravel\framework\src\Illuminate\Foundation\Http\Kernel.php(176): Illuminate\Routing\Router->dispatch(Object(Illuminate\Http\Request))
#22 E:\work\malay_arsar\aflix-project\www\application\vendor\laravel\framework\src\Illuminate\Routing\Pipeline.php(30): Illuminate\Foundation\Http\Kernel->Illuminate\Foundation\Http\{closure}(Object(Illuminate\Http\Request))
#23 E:\work\malay_arsar\aflix-project\www\application\vendor\laravel\framework\src\Illuminate\Foundation\Http\Middleware\TransformsRequest.php(30): Illuminate\Routing\Pipeline->Illuminate\Routing\{closure}(Object(Illuminate\Http\Request))
#24 E:\work\malay_arsar\aflix-project\www\application\vendor\laravel\framework\src\Illuminate\Pipeline\Pipeline.php(148): Illuminate\Foundation\Http\Middleware\TransformsRequest->handle(Object(Illuminate\Http\Request), Object(Closure))
#25 E:\work\malay_arsar\aflix-project\www\application\vendor\laravel\framework\src\Illuminate\Routing\Pipeline.php(53): Illuminate\Pipeline\Pipeline->Illuminate\Pipeline\{closure}(Object(Illuminate\Http\Request))
#26 E:\work\malay_arsar\aflix-project\www\application\vendor\laravel\framework\src\Illuminate\Foundation\Http\Middleware\TransformsRequest.php(30): Illuminate\Routing\Pipeline->Illuminate\Routing\{closure}(Object(Illuminate\Http\Request))
#27 E:\work\malay_arsar\aflix-project\www\application\vendor\laravel\framework\src\Illuminate\Pipeline\Pipeline.php(148): Illuminate\Foundation\Http\Middleware\TransformsRequest->handle(Object(Illuminate\Http\Request), Object(Closure))
#28 E:\work\malay_arsar\aflix-project\www\application\vendor\laravel\framework\src\Illuminate\Routing\Pipeline.php(53): Illuminate\Pipeline\Pipeline->Illuminate\Pipeline\{closure}(Object(Illuminate\Http\Request))
#29 E:\work\malay_arsar\aflix-project\www\application\vendor\laravel\framework\src\Illuminate\Foundation\Http\Middleware\ValidatePostSize.php(27): Illuminate\Routing\Pipeline->Illuminate\Routing\{closure}(Object(Illuminate\Http\Request))
#30 E:\work\malay_arsar\aflix-project\www\application\vendor\laravel\framework\src\Illuminate\Pipeline\Pipeline.php(148): Illuminate\Foundation\Http\Middleware\ValidatePostSize->handle(Object(Illuminate\Http\Request), Object(Closure))
#31 E:\work\malay_arsar\aflix-project\www\application\vendor\laravel\framework\src\Illuminate\Routing\Pipeline.php(53): Illuminate\Pipeline\Pipeline->Illuminate\Pipeline\{closure}(Object(Illuminate\Http\Request))
#32 E:\work\malay_arsar\aflix-project\www\application\vendor\laravel\framework\src\Illuminate\Foundation\Http\Middleware\CheckForMaintenanceMode.php(46): Illuminate\Routing\Pipeline->Illuminate\Routing\{closure}(Object(Illuminate\Http\Request))
#33 E:\work\malay_arsar\aflix-project\www\application\vendor\laravel\framework\src\Illuminate\Pipeline\Pipeline.php(148): Illuminate\Foundation\Http\Middleware\CheckForMaintenanceMode->handle(Object(Illuminate\Http\Request), Object(Closure))
#34 E:\work\malay_arsar\aflix-project\www\application\vendor\laravel\framework\src\Illuminate\Routing\Pipeline.php(53): Illuminate\Pipeline\Pipeline->Illuminate\Pipeline\{closure}(Object(Illuminate\Http\Request))
#35 E:\work\malay_arsar\aflix-project\www\application\vendor\laravel\framework\src\Illuminate\Pipeline\Pipeline.php(102): Illuminate\Routing\Pipeline->Illuminate\Routing\{closure}(Object(Illuminate\Http\Request))
#36 E:\work\malay_arsar\aflix-project\www\application\vendor\laravel\framework\src\Illuminate\Foundation\Http\Kernel.php(151): Illuminate\Pipeline\Pipeline->then(Object(Closure))
#37 E:\work\malay_arsar\aflix-project\www\application\vendor\laravel\framework\src\Illuminate\Foundation\Http\Kernel.php(116): Illuminate\Foundation\Http\Kernel->sendRequestThroughRouter(Object(Illuminate\Http\Request))
#38 E:\work\malay_arsar\aflix-project\www\index.php(55): Illuminate\Foundation\Http\Kernel->handle(Object(Illuminate\Http\Request))
#39 {main}  
